
> blogger@0.0.0 start
> node ./bin/www

[0mGET / [36m304 [0m18.316 ms - -[0m
[0mGET /stylesheets/style.css [36m304 [0m3.652 ms - -[0m
[0mGET /css/bootstrap.min.css [36m304 [0m3.323 ms - -[0m
[0mGET /js/bootstrap.min.js [36m304 [0m1.519 ms - -[0m
[0mGET /js/jquery.min.js [33m404 [0m3.639 ms - 913[0m
[0mGET / [36m304 [0m3.624 ms - -[0m
[0mGET /stylesheets/style.css [36m304 [0m2.103 ms - -[0m
[0mGET /css/bootstrap.min.css [36m304 [0m2.340 ms - -[0m
[0mGET /js/bootstrap.min.js [36m304 [0m2.288 ms - -[0m
[0mGET /js/jquery.min.js [33m404 [0m5.592 ms - 913[0m
[0mGET /blogList [36m304 [0m2.016 ms - -[0m
[0mGET /stylesheets/style.css [36m304 [0m1.251 ms - -[0m
[0mGET /js/bootstrap.min.js [36m304 [0m2.546 ms - -[0m
[0mGET /css/bootstrap.min.css [36m304 [0m1.998 ms - -[0m
[0mGET /js/jquery.min.js [33m404 [0m3.644 ms - 913[0m
[0mGET / [36m304 [0m1.036 ms - -[0m
[0mGET /stylesheets/style.css [36m304 [0m4.317 ms - -[0m
[0mGET /css/bootstrap.min.css [36m304 [0m6.766 ms - -[0m
[0mGET /js/jquery.min.js [33m404 [0m3.276 ms - 913[0m
[0mGET /js/bootstrap.min.js [36m304 [0m0.403 ms - -[0m
[0mGET / [36m304 [0m1.807 ms - -[0m
[0mGET /stylesheets/style.css [36m304 [0m0.419 ms - -[0m
[0mGET /css/bootstrap.min.css [36m304 [0m1.889 ms - -[0m
[0mGET /js/bootstrap.min.js [36m304 [0m1.031 ms - -[0m
[0mGET /js/jquery.min.js [33m404 [0m2.568 ms - 913[0m
[0mGET / [36m304 [0m1.098 ms - -[0m
[0mGET /stylesheets/style.css [36m304 [0m0.402 ms - -[0m
[0mGET /js/jquery.min.js [33m404 [0m2.632 ms - 913[0m
[0mGET /css/bootstrap.min.css [36m304 [0m2.504 ms - -[0m
[0mGET /js/bootstrap.min.js [36m304 [0m3.239 ms - -[0m
